<?xml version="1.0" encoding="UTF-8"?>
<!-- Generated by org.testng.reporters.JUnitReportReporter -->
<testsuite hostname="DESKTOP-IQUBR8Q" failures="0" tests="3" name="org.example.CA4_TEst" time="14.657" errors="0" timestamp="2023-04-21T11:04:23 IST" skipped="0">
  <testcase classname="org.example.CA4_TEst" name="dropdown" time="5.333"/>
  <system-out/>
  <testcase classname="org.example.CA4_TEst" name="CheckBoxTest" time="7.227"/>
  <system-out/>
  <testcase classname="org.example.CA4_TEst" name="RadioBttnTest" time="2.097"/>
  <system-out/>
</testsuite> <!-- org.example.CA4_TEst -->
